archive: None -> <Module archive C:\Users\csommer\ilastik\trunk\src\py26installer\archive.pyc imports=[('marshal', 0, 0, -1), ('struct', 0, 0, -1), ('imp', 0, 0, -1), ('sys', 0, 0, -1), ('iu', 0, 0, -1), ('imp', 1, 0, -1), ('os', 1, 1, -1), ('zlib', 1, 1, -1), ('AES', 1, 1, -1), ('os', 1, 1, -1)] binaries=[] datas=[]>
marshal: None -> <Module marshal None imports=[] binaries=[] datas=[]>
struct: None -> <Module struct C:\Python26\lib\struct.pyc imports=[('_struct', 0, 0, -1), ('_struct.*', 0, 0, -1), ('_struct', 0, 0, -1), ('_struct._clearcache', 0, 0, -1), ('_struct', 0, 0, -1), ('_struct.__doc__', 0, 0, -1)] binaries=[] datas=[]>
imp: None -> <Module imp None imports=[] binaries=[] datas=[]>
sys: None -> <Module sys None imports=[] binaries=[] datas=[]>
iu: None -> <Module iu C:\Users\csommer\ilastik\trunk\src\py26installer\iu.pyc imports=[('sys', 0, 0, -1), ('imp', 0, 0, -1), ('marshal', 0, 0, -1), ('zipimport', 0, 0, -1), ('win32api', 1, 0, -1), ('__builtin__', 1, 0, -1), ('posix', 1, 1, -1), ('posix.stat', 1, 1, -1), ('posix.getcwd', 1, 1, -1), ('posix.environ', 1, 1, -1), ('posix.listdir', 1, 1, -1), ('nt', 1, 1, -1), ('nt.stat', 1, 1, -1), ('nt.getcwd', 1, 1, -1), ('nt.environ', 1, 1, -1), ('nt.listdir', 1, 1, -1), ('dos', 1, 1, -1), ('dos.stat', 1, 1, -1), ('dos.getcwd', 1, 1, -1), ('dos.environ', 1, 1, -1), ('dos.listdir', 1, 1, -1), ('os2', 1, 1, -1), ('os2.stat', 1, 1, -1), ('os2.getcwd', 1, 1, -1), ('os2.environ', 1, 1, -1), ('os2.listdir', 1, 1, -1), ('mac', 1, 1, -1), ('mac.stat', 1, 1, -1), ('mac.getcwd', 1, 1, -1), ('mac.environ', 1, 1, -1), ('mac.listdir', 1, 1, -1)] binaries=[] datas=[]>
os: None -> <Module os C:\Python26\lib\os.pyc imports=[('sys', 0, 0, -1), ('errno', 0, 0, -1), ('posix', 0, 1, -1), ('posix.*', 0, 1, -1), ('posix', 0, 1, -1), ('posix._exit', 0, 1, -1), ('posixpath', 0, 1, -1), ('posix', 0, 1, -1), ('nt', 0, 1, -1), ('nt.*', 0, 1, -1), ('nt', 0, 1, -1), ('nt._exit', 0, 1, -1), ('ntpath', 0, 1, -1), ('nt', 0, 1, -1), ('os2', 0, 1, -1), ('os2.*', 0, 1, -1), ('os2', 0, 1, -1), ('os2._exit', 0, 1, -1), ('ntpath', 0, 1, -1), ('os2emxpath', 0, 1, -1), ('_emx_link', 0, 1, -1), ('_emx_link.link', 0, 1, -1), ('os2', 0, 1, -1), ('ce', 0, 1, -1), ('ce.*', 0, 1, -1), ('ce', 0, 1, -1), ('ce._exit', 0, 1, -1), ('ntpath', 0, 1, -1), ('ce', 0, 1, -1), ('riscos', 0, 1, -1), ('riscos.*', 0, 1, -1), ('riscos', 0, 1, -1), ('riscos._exit', 0, 1, -1), ('riscospath', 0, 1, -1), ('riscos', 0, 1, -1), ('os.path', 0, 0, -1), ('os.path.curdir', 0, 0, -1), ('os.path.pardir', 0, 0, -1), ('os.path.sep', 0, 0, -1), ('os.path.pathsep', 0, 0, -1), ('os.path.defpath', 0, 0, -1), ('os.path.extsep', 0, 0, -1), ('os.path.altsep', 0, 0, -1), ('os.path.devnull', 0, 0, -1), ('UserDict', 0, 1, -1), ('riscosenviron', 0, 1, -1), ('riscosenviron._Environ', 0, 1, -1), ('copy_reg', 0, 0, -1), ('os.path', 1, 0, -1), ('os.path.join', 1, 0, -1), ('os.path.isdir', 1, 0, -1), ('os.path.islink', 1, 0, -1), ('warnings', 1, 0, -1), ('subprocess', 1, 0, -1), ('warnings', 1, 0, -1), ('subprocess', 1, 0, -1), ('warnings', 1, 0, -1), ('subprocess', 1, 0, -1)] binaries=[] datas=[]>
zlib: None -> <Module zlib None imports=[] binaries=[] datas=[]>
AES: None -> None
  DEL AES
_struct: None -> <Module _struct None imports=[] binaries=[] datas=[]>
zipimport: None -> <Module zipimport None imports=[] binaries=[] datas=[]>
win32api: None -> <Module win32api C:\Python26\lib\site-packages\win32\win32api.pyd imports=[] binaries=[] datas=[]>
__builtin__: None -> <Module __builtin__ None imports=[] binaries=[] datas=[]>
posix: None -> None
  DEL posix
posix: None -> None
  DEL posix
posix: None -> None
  DEL posix
posix: None -> None
  DEL posix
posix: None -> None
  DEL posix
nt: None -> <Module nt None imports=[] binaries=[] datas=[]>
errno: None -> <Module errno None imports=[] binaries=[] datas=[]>
posix: None -> None
  DEL posix
posix: None -> None
  DEL posix
posix: None -> None
  DEL posix
posix: None -> None
  DEL posix
posixpath: None -> <Module posixpath C:\Python26\lib\posixpath.pyc imports=[('os', 0, 0, -1), ('stat', 0, 0, -1), ('genericpath', 0, 0, -1), ('warnings', 0, 0, -1), ('genericpath', 0, 0, -1), ('genericpath.*', 0, 0, -1), ('pwd', 1, 1, -1), ('pwd', 1, 1, -1), ('re', 1, 1, -1)] binaries=[] datas=[]>
posix: None -> None
  DEL posix
ntpath: None -> <Module ntpath C:\Python26\lib\ntpath.pyc imports=[('os', 0, 0, -1), ('sys', 0, 0, -1), ('stat', 0, 0, -1), ('genericpath', 0, 0, -1), ('warnings', 0, 0, -1), ('genericpath', 0, 0, -1), ('genericpath.*', 0, 0, -1), ('nt', 0, 0, -1), ('nt._getfullpathname', 0, 0, -1), ('string', 1, 0, -1)] binaries=[] datas=[]>
os2emxpath: None -> <Module os2emxpath C:\Python26\lib\os2emxpath.pyc imports=[('os', 0, 0, -1), ('stat', 0, 0, -1), ('genericpath', 0, 0, -1), ('genericpath.*', 0, 0, -1), ('ntpath', 0, 0, -1), ('ntpath.expanduser', 0, 0, -1), ('ntpath.expandvars', 0, 0, -1), ('ntpath.isabs', 0, 0, -1), ('ntpath.islink', 0, 0, -1), ('ntpath.splitdrive', 0, 0, -1), ('ntpath.splitext', 0, 0, -1), ('ntpath.split', 0, 0, -1), ('ntpath.walk', 0, 0, -1)] binaries=[] datas=[]>
_emx_link: None -> None
  DEL _emx_link
_emx_link: None -> None
  DEL _emx_link
UserDict: None -> <Module UserDict C:\Python26\lib\UserDict.pyc imports=[('_abcoll', 0, 0, -1), ('copy', 1, 0, -1)] binaries=[] datas=[]>
copy_reg: None -> <Module copy_reg C:\Python26\lib\copy_reg.pyc imports=[('types', 0, 0, -1), ('types.ClassType', 0, 0, -1)] binaries=[] datas=[]>
warnings: None -> <Module warnings C:\Python26\lib\warnings.pyc imports=[('linecache', 0, 0, -1), ('sys', 0, 0, -1), ('types', 0, 0, -1), ('_warnings', 0, 0, -1), ('_warnings.filters', 0, 0, -1), ('_warnings.default_action', 0, 0, -1), ('_warnings.once_registry', 0, 0, -1), ('_warnings.warn', 0, 0, -1), ('_warnings.warn_explicit', 0, 0, -1), ('re', 1, 0, -1), ('re', 1, 0, -1), ('re', 1, 0, -1)] binaries=[] datas=[]>
subprocess: None -> <Module subprocess C:\Python26\lib\subprocess.pyc imports=[('sys', 0, 0, -1), ('os', 0, 0, -1), ('types', 0, 0, -1), ('traceback', 0, 0, -1), ('gc', 0, 0, -1), ('signal', 0, 0, -1), ('threading', 0, 1, -1), ('msvcrt', 0, 1, -1), ('_subprocess', 0, 1, -1), ('_subprocess.*', 0, 1, -1), ('select', 0, 1, -1), ('errno', 0, 1, -1), ('fcntl', 0, 1, -1), ('pickle', 0, 1, -1)] binaries=[] datas=[]>
stat: None -> <Module stat C:\Python26\lib\stat.pyc imports=[] binaries=[] datas=[]>
genericpath: None -> <Module genericpath C:\Python26\lib\genericpath.pyc imports=[('os', 0, 0, -1), ('stat', 0, 0, -1)] binaries=[] datas=[]>
pwd: None -> None
  DEL pwd
pwd: None -> None
  DEL pwd
re: None -> <Module re C:\Python26\lib\re.pyc imports=[('sys', 0, 0, -1), ('sre_compile', 0, 0, -1), ('sre_parse', 0, 0, -1), ('copy_reg', 0, 0, -1), ('sre_constants', 1, 0, -1), ('sre_constants.BRANCH', 1, 0, -1), ('sre_constants.SUBPATTERN', 1, 0, -1)] binaries=[] datas=[]>
linecache: None -> <Module linecache C:\Python26\lib\linecache.pyc imports=[('sys', 0, 0, -1), ('os', 0, 0, -1)] binaries=[] datas=[]>
types: None -> <Module types C:\Python26\lib\types.pyc imports=[('sys', 0, 0, -1)] binaries=[] datas=[]>
_warnings: None -> <Module _warnings None imports=[] binaries=[] datas=[]>
sre_compile: None -> <Module sre_compile C:\Python26\lib\sre_compile.pyc imports=[('_sre', 0, 0, -1), ('sys', 0, 0, -1), ('sre_parse', 0, 0, -1), ('sre_constants', 0, 0, -1), ('sre_constants.*', 0, 0, -1), ('array', 1, 0, -1)] binaries=[] datas=[]>
sre_parse: None -> <Module sre_parse C:\Python26\lib\sre_parse.pyc imports=[('sys', 0, 0, -1), ('sre_constants', 0, 0, -1), ('sre_constants.*', 0, 0, -1)] binaries=[] datas=[]>
sre_constants: None -> <Module sre_constants C:\Python26\lib\sre_constants.pyc imports=[] binaries=[] datas=[]>
_sre: None -> <Module _sre None imports=[] binaries=[] datas=[]>
array: None -> <Module array None imports=[] binaries=[] datas=[]>
string: None -> <Module string C:\Python26\lib\string.pyc imports=[('re', 0, 0, -1), ('strop', 0, 0, -1), ('strop.maketrans', 0, 0, -1), ('strop.lowercase', 0, 0, -1), ('strop.uppercase', 0, 0, -1), ('strop.whitespace', 0, 0, -1)] binaries=[] datas=[]>
strop: None -> <Module strop None imports=[] binaries=[] datas=[]>
_abcoll: None -> <Module _abcoll C:\Python26\lib\_abcoll.pyc imports=[('abc', 0, 0, -1), ('abc.ABCMeta', 0, 0, -1), ('abc.abstractmethod', 0, 0, -1), ('sys', 0, 0, -1)] binaries=[] datas=[]>
copy: None -> <Module copy C:\Python26\lib\copy.pyc imports=[('types', 0, 0, -1), ('copy_reg', 0, 0, -1), ('copy_reg.dispatch_table', 0, 0, -1), ('org.python.core', 0, 0, -1), ('org.python.core.PyStringMap', 0, 0, -1), ('repr', 1, 0, -1), ('repr', 1, 0, -1), ('sys', 1, 1, -1)] binaries=[] datas=[]>
abc: None -> <Module abc C:\Python26\lib\abc.pyc imports=[] binaries=[] datas=[]>
org: None -> None
  DEL org
org: None -> None
  DEL org
repr: None -> <Module repr C:\Python26\lib\repr.pyc imports=[('__builtin__', 0, 0, -1), ('itertools', 0, 0, -1), ('itertools.islice', 0, 0, -1)] binaries=[] datas=[]>
itertools: None -> <Module itertools None imports=[] binaries=[] datas=[]>
traceback: None -> <Module traceback C:\Python26\lib\traceback.pyc imports=[('linecache', 0, 0, -1), ('sys', 0, 0, -1), ('types', 0, 0, -1)] binaries=[] datas=[]>
gc: None -> <Module gc None imports=[] binaries=[] datas=[]>
signal: None -> <Module signal None imports=[] binaries=[] datas=[]>
threading: None -> <Module threading C:\Python26\lib\threading.pyc imports=[('sys', 0, 0, -1), ('thread', 0, 0, -1), ('warnings', 0, 0, -1), ('functools', 0, 0, -1), ('functools.wraps', 0, 0, -1), ('time', 0, 0, -1), ('time.time', 0, 0, -1), ('time.sleep', 0, 0, -1), ('traceback', 0, 0, -1), ('traceback.format_exc', 0, 0, -1), ('collections', 0, 0, -1), ('collections.deque', 0, 0, -1), ('thread', 0, 0, -1), ('thread.stack_size', 0, 0, -1), ('thread', 0, 0, -1), ('thread._local', 0, 0, -1), ('_threading_local', 0, 1, -1), ('_threading_local.local', 0, 1, -1), ('random', 1, 0, -1), ('random.random', 1, 0, -1)] binaries=[] datas=[]>
msvcrt: None -> <Module msvcrt None imports=[] binaries=[] datas=[]>
_subprocess: None -> <Module _subprocess None imports=[] binaries=[] datas=[]>
select: None -> <Module select C:\Python26\DLLs\select.pyd imports=[] binaries=[] datas=[]>
fcntl: None -> None
  DEL fcntl
pickle: None -> <Module pickle C:\Python26\lib\pickle.pyc imports=[('types', 0, 0, -1), ('types.*', 0, 0, -1), ('copy_reg', 0, 0, -1), ('copy_reg.dispatch_table', 0, 0, -1), ('copy_reg', 0, 0, -1), ('copy_reg._extension_registry', 0, 0, -1), ('copy_reg._inverted_registry', 0, 0, -1), ('copy_reg._extension_cache', 0, 0, -1), ('marshal', 0, 0, -1), ('sys', 0, 0, -1), ('struct', 0, 0, -1), ('re', 0, 0, -1), ('org.python.core', 0, 0, -1), ('org.python.core.PyStringMap', 0, 0, -1), ('binascii', 0, 0, -1), ('cStringIO', 0, 0, -1), ('cStringIO.StringIO', 0, 0, -1), ('StringIO', 0, 1, -1), ('StringIO.StringIO', 0, 1, -1), ('doctest', 1, 0, -1)] binaries=[] datas=[]>
thread: None -> <Module thread None imports=[] binaries=[] datas=[]>
functools: None -> <Module functools C:\Python26\lib\functools.pyc imports=[('_functools', 0, 0, -1), ('_functools.partial', 0, 0, -1), ('_functools.reduce', 0, 0, -1)] binaries=[] datas=[]>
time: None -> <Module time None imports=[] binaries=[] datas=[]>
collections: None -> <Module collections C:\Python26\lib\collections.pyc imports=[('_abcoll', 0, 0, -1), ('_abcoll.*', 0, 0, -1), ('_abcoll', 0, 0, -1), ('_collections', 0, 0, -1), ('_collections.deque', 0, 0, -1), ('_collections.defaultdict', 0, 0, -1), ('operator', 0, 0, -1), ('operator.itemgetter', 0, 0, -1), ('keyword', 0, 0, -1), ('keyword.iskeyword', 0, 0, -1), ('sys', 0, 0, -1), ('cPickle', 0, 1, -1), ('cPickle.loads', 0, 1, -1), ('cPickle.dumps', 0, 1, -1), ('doctest', 0, 1, -1)] binaries=[] datas=[]>
_threading_local: None -> <Module _threading_local C:\Python26\lib\_threading_local.pyc imports=[('threading', 0, 0, -1), ('threading.current_thread', 0, 0, -1), ('threading.RLock', 0, 0, -1), ('threading', 1, 0, -1)] binaries=[] datas=[]>
random: None -> <Module random C:\Python26\lib\random.pyc imports=[('__future__', 0, 0, -1), ('__future__.division', 0, 0, -1), ('warnings', 0, 0, -1), ('warnings.warn', 0, 0, -1), ('types', 0, 0, -1), ('types.MethodType', 0, 0, -1), ('types.BuiltinMethodType', 0, 0, -1), ('math', 0, 0, -1), ('math.log', 0, 0, -1), ('math.exp', 0, 0, -1), ('math.pi', 0, 0, -1), ('math.e', 0, 0, -1), ('math.ceil', 0, 0, -1), ('math', 0, 0, -1), ('math.sqrt', 0, 0, -1), ('math.acos', 0, 0, -1), ('math.cos', 0, 0, -1), ('math.sin', 0, 0, -1), ('os', 0, 0, -1), ('os.urandom', 0, 0, -1), ('binascii', 0, 0, -1), ('binascii.hexlify', 0, 0, -1), ('_random', 0, 0, -1), ('time', 1, 1, -1), ('time', 1, 1, -1), ('time', 1, 1, -1), ('time', 1, 0, -1)] binaries=[] datas=[]>
_functools: None -> <Module _functools None imports=[] binaries=[] datas=[]>
_strptime: None -> <Module _strptime C:\Python26\lib\_strptime.pyc imports=[('time', 0, 0, -1), ('locale', 0, 0, -1), ('calendar', 0, 0, -1), ('re', 0, 0, -1), ('re.compile', 0, 0, -1), ('re', 0, 0, -1), ('re.IGNORECASE', 0, 0, -1), ('re', 0, 0, -1), ('re.escape', 0, 0, -1), ('datetime', 0, 0, -1), ('datetime.date', 0, 0, -1), ('thread', 0, 0, -1), ('thread.allocate_lock', 0, 0, -1), ('dummy_thread', 0, 0, -1), ('dummy_thread.allocate_lock', 0, 0, -1)] binaries=[] datas=[]>
locale: None -> <Module locale C:\Python26\lib\locale.pyc imports=[('sys', 0, 0, -1), ('encodings', 0, 0, -1), ('encodings.aliases', 0, 0, -1), ('functools', 0, 0, -1), ('_locale', 0, 0, -1), ('_locale.*', 0, 0, -1), ('re', 0, 0, -1), ('operator', 0, 0, -1), ('_locale', 1, 0, -1), ('os', 1, 0, -1), ('_locale', 1, 0, -1)] binaries=[] datas=[]>
calendar: None -> <Module calendar C:\Python26\lib\calendar.pyc imports=[('sys', 0, 0, -1), ('datetime', 0, 0, -1), ('locale', 0, 0, -1), ('optparse', 1, 0, -1)] binaries=[] datas=[]>
datetime: None -> <Module datetime None imports=[] binaries=[] datas=[]>
dummy_thread: None -> <Module dummy_thread C:\Python26\lib\dummy_thread.pyc imports=[('traceback', 0, 0, -1)] binaries=[] datas=[]>
encodings: None -> <Module encodings C:\Python26\lib\encodings\__init__.pyc imports=[('codecs', 0, 0, -1), ('encodings', 0, 0, -1), ('encodings.aliases', 0, 0, -1), ('__builtin__', 0, 0, -1)] binaries=[] datas=[]>
encodings.aliases: None -> <Module encodings.aliases C:\Python26\lib\encodings\aliases.pyc imports=[] binaries=[] datas=[]>
_locale: None -> <Module _locale None imports=[] binaries=[] datas=[]>
operator: None -> <Module operator None imports=[] binaries=[] datas=[]>
encodings.codecs: None -> None
codecs: None -> <Module codecs C:\Python26\lib\codecs.pyc imports=[('__builtin__', 0, 0, -1), ('sys', 0, 0, -1), ('_codecs', 0, 0, -1), ('_codecs.*', 0, 0, -1), ('encodings', 0, 1, -1)] binaries=[] datas=[]>
encodings.encodings: None -> None
encodings.__builtin__: None -> None
encodings.ascii: None -> <Module encodings.ascii C:\Python26\lib\encodings\ascii.pyc imports=[('codecs', 0, 0, -1)] binaries=[] datas=[]>
encodings.base64_codec: None -> <Module encodings.base64_codec C:\Python26\lib\encodings\base64_codec.pyc imports=[('codecs', 0, 0, -1), ('base64', 0, 0, -1)] binaries=[] datas=[]>
encodings.big5: None -> <Module encodings.big5 C:\Python26\lib\encodings\big5.pyc imports=[('_codecs_tw', 0, 0, -1), ('codecs', 0, 0, -1), ('_multibytecodec', 0, 0, -1)] binaries=[] datas=[]>
encodings.big5hkscs: None -> <Module encodings.big5hkscs C:\Python26\lib\encodings\big5hkscs.pyc imports=[('_codecs_hk', 0, 0, -1), ('codecs', 0, 0, -1), ('_multibytecodec', 0, 0, -1)] binaries=[] datas=[]>
encodings.bz2_codec: None -> <Module encodings.bz2_codec C:\Python26\lib\encodings\bz2_codec.pyc imports=[('codecs', 0, 0, -1), ('bz2', 0, 0, -1)] binaries=[] datas=[]>
encodings.charmap: None -> <Module encodings.charmap C:\Python26\lib\encodings\charmap.pyc imports=[('codecs', 0, 0, -1)] binaries=[] datas=[]>
encodings.cp037: None -> <Module encodings.cp037 C:\Python26\lib\encodings\cp037.pyc imports=[('codecs', 0, 0, -1)] binaries=[] datas=[]>
encodings.cp1006: None -> <Module encodings.cp1006 C:\Python26\lib\encodings\cp1006.pyc imports=[('codecs', 0, 0, -1)] binaries=[] datas=[]>
encodings.cp1026: None -> <Module encodings.cp1026 C:\Python26\lib\encodings\cp1026.pyc imports=[('codecs', 0, 0, -1)] binaries=[] datas=[]>
encodings.cp1140: None -> <Module encodings.cp1140 C:\Python26\lib\encodings\cp1140.pyc imports=[('codecs', 0, 0, -1)] binaries=[] datas=[]>
encodings.cp1250: None -> <Module encodings.cp1250 C:\Python26\lib\encodings\cp1250.pyc imports=[('codecs', 0, 0, -1)] binaries=[] datas=[]>
encodings.cp1251: None -> <Module encodings.cp1251 C:\Python26\lib\encodings\cp1251.pyc imports=[('codecs', 0, 0, -1)] binaries=[] datas=[]>
encodings.cp1252: None -> <Module encodings.cp1252 C:\Python26\lib\encodings\cp1252.pyc imports=[('codecs', 0, 0, -1)] binaries=[] datas=[]>
encodings.cp1253: None -> <Module encodings.cp1253 C:\Python26\lib\encodings\cp1253.pyc imports=[('codecs', 0, 0, -1)] binaries=[] datas=[]>
encodings.cp1254: None -> <Module encodings.cp1254 C:\Python26\lib\encodings\cp1254.pyc imports=[('codecs', 0, 0, -1)] binaries=[] datas=[]>
encodings.cp1255: None -> <Module encodings.cp1255 C:\Python26\lib\encodings\cp1255.pyc imports=[('codecs', 0, 0, -1)] binaries=[] datas=[]>
encodings.cp1256: None -> <Module encodings.cp1256 C:\Python26\lib\encodings\cp1256.pyc imports=[('codecs', 0, 0, -1)] binaries=[] datas=[]>
encodings.cp1257: None -> <Module encodings.cp1257 C:\Python26\lib\encodings\cp1257.pyc imports=[('codecs', 0, 0, -1)] binaries=[] datas=[]>
encodings.cp1258: None -> <Module encodings.cp1258 C:\Python26\lib\encodings\cp1258.pyc imports=[('codecs', 0, 0, -1)] binaries=[] datas=[]>
encodings.cp424: None -> <Module encodings.cp424 C:\Python26\lib\encodings\cp424.pyc imports=[('codecs', 0, 0, -1)] binaries=[] datas=[]>
encodings.cp437: None -> <Module encodings.cp437 C:\Python26\lib\encodings\cp437.pyc imports=[('codecs', 0, 0, -1)] binaries=[] datas=[]>
encodings.cp500: None -> <Module encodings.cp500 C:\Python26\lib\encodings\cp500.pyc imports=[('codecs', 0, 0, -1)] binaries=[] datas=[]>
encodings.cp737: None -> <Module encodings.cp737 C:\Python26\lib\encodings\cp737.pyc imports=[('codecs', 0, 0, -1)] binaries=[] datas=[]>
encodings.cp775: None -> <Module encodings.cp775 C:\Python26\lib\encodings\cp775.pyc imports=[('codecs', 0, 0, -1)] binaries=[] datas=[]>
encodings.cp850: None -> <Module encodings.cp850 C:\Python26\lib\encodings\cp850.pyc imports=[('codecs', 0, 0, -1)] binaries=[] datas=[]>
encodings.cp852: None -> <Module encodings.cp852 C:\Python26\lib\encodings\cp852.pyc imports=[('codecs', 0, 0, -1)] binaries=[] datas=[]>
encodings.cp855: None -> <Module encodings.cp855 C:\Python26\lib\encodings\cp855.pyc imports=[('codecs', 0, 0, -1)] binaries=[] datas=[]>
encodings.cp856: None -> <Module encodings.cp856 C:\Python26\lib\encodings\cp856.pyc imports=[('codecs', 0, 0, -1)] binaries=[] datas=[]>
encodings.cp857: None -> <Module encodings.cp857 C:\Python26\lib\encodings\cp857.pyc imports=[('codecs', 0, 0, -1)] binaries=[] datas=[]>
encodings.cp860: None -> <Module encodings.cp860 C:\Python26\lib\encodings\cp860.pyc imports=[('codecs', 0, 0, -1)] binaries=[] datas=[]>
encodings.cp861: None -> <Module encodings.cp861 C:\Python26\lib\encodings\cp861.pyc imports=[('codecs', 0, 0, -1)] binaries=[] datas=[]>
encodings.cp862: None -> <Module encodings.cp862 C:\Python26\lib\encodings\cp862.pyc imports=[('codecs', 0, 0, -1)] binaries=[] datas=[]>
encodings.cp863: None -> <Module encodings.cp863 C:\Python26\lib\encodings\cp863.pyc imports=[('codecs', 0, 0, -1)] binaries=[] datas=[]>
encodings.cp864: None -> <Module encodings.cp864 C:\Python26\lib\encodings\cp864.pyc imports=[('codecs', 0, 0, -1)] binaries=[] datas=[]>
encodings.cp865: None -> <Module encodings.cp865 C:\Python26\lib\encodings\cp865.pyc imports=[('codecs', 0, 0, -1)] binaries=[] datas=[]>
encodings.cp866: None -> <Module encodings.cp866 C:\Python26\lib\encodings\cp866.pyc imports=[('codecs', 0, 0, -1)] binaries=[] datas=[]>
encodings.cp869: None -> <Module encodings.cp869 C:\Python26\lib\encodings\cp869.pyc imports=[('codecs', 0, 0, -1)] binaries=[] datas=[]>
encodings.cp874: None -> <Module encodings.cp874 C:\Python26\lib\encodings\cp874.pyc imports=[('codecs', 0, 0, -1)] binaries=[] datas=[]>
encodings.cp875: None -> <Module encodings.cp875 C:\Python26\lib\encodings\cp875.pyc imports=[('codecs', 0, 0, -1)] binaries=[] datas=[]>
encodings.cp932: None -> <Module encodings.cp932 C:\Python26\lib\encodings\cp932.pyc imports=[('_codecs_jp', 0, 0, -1), ('codecs', 0, 0, -1), ('_multibytecodec', 0, 0, -1)] binaries=[] datas=[]>
encodings.cp949: None -> <Module encodings.cp949 C:\Python26\lib\encodings\cp949.pyc imports=[('_codecs_kr', 0, 0, -1), ('codecs', 0, 0, -1), ('_multibytecodec', 0, 0, -1)] binaries=[] datas=[]>
encodings.cp950: None -> <Module encodings.cp950 C:\Python26\lib\encodings\cp950.pyc imports=[('_codecs_tw', 0, 0, -1), ('codecs', 0, 0, -1), ('_multibytecodec', 0, 0, -1)] binaries=[] datas=[]>
encodings.euc_jisx0213: None -> <Module encodings.euc_jisx0213 C:\Python26\lib\encodings\euc_jisx0213.pyc imports=[('_codecs_jp', 0, 0, -1), ('codecs', 0, 0, -1), ('_multibytecodec', 0, 0, -1)] binaries=[] datas=[]>
encodings.euc_jis_2004: None -> <Module encodings.euc_jis_2004 C:\Python26\lib\encodings\euc_jis_2004.pyc imports=[('_codecs_jp', 0, 0, -1), ('codecs', 0, 0, -1), ('_multibytecodec', 0, 0, -1)] binaries=[] datas=[]>
encodings.euc_jp: None -> <Module encodings.euc_jp C:\Python26\lib\encodings\euc_jp.pyc imports=[('_codecs_jp', 0, 0, -1), ('codecs', 0, 0, -1), ('_multibytecodec', 0, 0, -1)] binaries=[] datas=[]>
encodings.euc_kr: None -> <Module encodings.euc_kr C:\Python26\lib\encodings\euc_kr.pyc imports=[('_codecs_kr', 0, 0, -1), ('codecs', 0, 0, -1), ('_multibytecodec', 0, 0, -1)] binaries=[] datas=[]>
encodings.gb18030: None -> <Module encodings.gb18030 C:\Python26\lib\encodings\gb18030.pyc imports=[('_codecs_cn', 0, 0, -1), ('codecs', 0, 0, -1), ('_multibytecodec', 0, 0, -1)] binaries=[] datas=[]>
encodings.gb2312: None -> <Module encodings.gb2312 C:\Python26\lib\encodings\gb2312.pyc imports=[('_codecs_cn', 0, 0, -1), ('codecs', 0, 0, -1), ('_multibytecodec', 0, 0, -1)] binaries=[] datas=[]>
encodings.gbk: None -> <Module encodings.gbk C:\Python26\lib\encodings\gbk.pyc imports=[('_codecs_cn', 0, 0, -1), ('codecs', 0, 0, -1), ('_multibytecodec', 0, 0, -1)] binaries=[] datas=[]>
encodings.hex_codec: None -> <Module encodings.hex_codec C:\Python26\lib\encodings\hex_codec.pyc imports=[('codecs', 0, 0, -1), ('binascii', 0, 0, -1)] binaries=[] datas=[]>
encodings.hp_roman8: None -> <Module encodings.hp_roman8 C:\Python26\lib\encodings\hp_roman8.pyc imports=[('codecs', 0, 0, -1)] binaries=[] datas=[]>
encodings.hz: None -> <Module encodings.hz C:\Python26\lib\encodings\hz.pyc imports=[('_codecs_cn', 0, 0, -1), ('codecs', 0, 0, -1), ('_multibytecodec', 0, 0, -1)] binaries=[] datas=[]>
encodings.idna: None -> <Module encodings.idna C:\Python26\lib\encodings\idna.pyc imports=[('stringprep', 0, 0, -1), ('re', 0, 0, -1), ('codecs', 0, 0, -1), ('unicodedata', 0, 0, -1), ('unicodedata.ucd_3_2_0', 0, 0, -1)] binaries=[] datas=[]>
encodings.iso2022_jp: None -> <Module encodings.iso2022_jp C:\Python26\lib\encodings\iso2022_jp.pyc imports=[('_codecs_iso2022', 0, 0, -1), ('codecs', 0, 0, -1), ('_multibytecodec', 0, 0, -1)] binaries=[] datas=[]>
encodings.iso2022_jp_1: None -> <Module encodings.iso2022_jp_1 C:\Python26\lib\encodings\iso2022_jp_1.pyc imports=[('_codecs_iso2022', 0, 0, -1), ('codecs', 0, 0, -1), ('_multibytecodec', 0, 0, -1)] binaries=[] datas=[]>
encodings.iso2022_jp_2: None -> <Module encodings.iso2022_jp_2 C:\Python26\lib\encodings\iso2022_jp_2.pyc imports=[('_codecs_iso2022', 0, 0, -1), ('codecs', 0, 0, -1), ('_multibytecodec', 0, 0, -1)] binaries=[] datas=[]>
encodings.iso2022_jp_2004: None -> <Module encodings.iso2022_jp_2004 C:\Python26\lib\encodings\iso2022_jp_2004.pyc imports=[('_codecs_iso2022', 0, 0, -1), ('codecs', 0, 0, -1), ('_multibytecodec', 0, 0, -1)] binaries=[] datas=[]>
encodings.iso2022_jp_3: None -> <Module encodings.iso2022_jp_3 C:\Python26\lib\encodings\iso2022_jp_3.pyc imports=[('_codecs_iso2022', 0, 0, -1), ('codecs', 0, 0, -1), ('_multibytecodec', 0, 0, -1)] binaries=[] datas=[]>
encodings.iso2022_jp_ext: None -> <Module encodings.iso2022_jp_ext C:\Python26\lib\encodings\iso2022_jp_ext.pyc imports=[('_codecs_iso2022', 0, 0, -1), ('codecs', 0, 0, -1), ('_multibytecodec', 0, 0, -1)] binaries=[] datas=[]>
encodings.iso2022_kr: None -> <Module encodings.iso2022_kr C:\Python26\lib\encodings\iso2022_kr.pyc imports=[('_codecs_iso2022', 0, 0, -1), ('codecs', 0, 0, -1), ('_multibytecodec', 0, 0, -1)] binaries=[] datas=[]>
encodings.iso8859_1: None -> <Module encodings.iso8859_1 C:\Python26\lib\encodings\iso8859_1.pyc imports=[('codecs', 0, 0, -1)] binaries=[] datas=[]>
encodings.iso8859_10: None -> <Module encodings.iso8859_10 C:\Python26\lib\encodings\iso8859_10.pyc imports=[('codecs', 0, 0, -1)] binaries=[] datas=[]>
encodings.iso8859_11: None -> <Module encodings.iso8859_11 C:\Python26\lib\encodings\iso8859_11.pyc imports=[('codecs', 0, 0, -1)] binaries=[] datas=[]>
encodings.iso8859_13: None -> <Module encodings.iso8859_13 C:\Python26\lib\encodings\iso8859_13.pyc imports=[('codecs', 0, 0, -1)] binaries=[] datas=[]>
encodings.iso8859_14: None -> <Module encodings.iso8859_14 C:\Python26\lib\encodings\iso8859_14.pyc imports=[('codecs', 0, 0, -1)] binaries=[] datas=[]>
encodings.iso8859_15: None -> <Module encodings.iso8859_15 C:\Python26\lib\encodings\iso8859_15.pyc imports=[('codecs', 0, 0, -1)] binaries=[] datas=[]>
encodings.iso8859_16: None -> <Module encodings.iso8859_16 C:\Python26\lib\encodings\iso8859_16.pyc imports=[('codecs', 0, 0, -1)] binaries=[] datas=[]>
encodings.iso8859_2: None -> <Module encodings.iso8859_2 C:\Python26\lib\encodings\iso8859_2.pyc imports=[('codecs', 0, 0, -1)] binaries=[] datas=[]>
encodings.iso8859_3: None -> <Module encodings.iso8859_3 C:\Python26\lib\encodings\iso8859_3.pyc imports=[('codecs', 0, 0, -1)] binaries=[] datas=[]>
encodings.iso8859_4: None -> <Module encodings.iso8859_4 C:\Python26\lib\encodings\iso8859_4.pyc imports=[('codecs', 0, 0, -1)] binaries=[] datas=[]>
encodings.iso8859_5: None -> <Module encodings.iso8859_5 C:\Python26\lib\encodings\iso8859_5.pyc imports=[('codecs', 0, 0, -1)] binaries=[] datas=[]>
encodings.iso8859_6: None -> <Module encodings.iso8859_6 C:\Python26\lib\encodings\iso8859_6.pyc imports=[('codecs', 0, 0, -1)] binaries=[] datas=[]>
encodings.iso8859_7: None -> <Module encodings.iso8859_7 C:\Python26\lib\encodings\iso8859_7.pyc imports=[('codecs', 0, 0, -1)] binaries=[] datas=[]>
encodings.iso8859_8: None -> <Module encodings.iso8859_8 C:\Python26\lib\encodings\iso8859_8.pyc imports=[('codecs', 0, 0, -1)] binaries=[] datas=[]>
encodings.iso8859_9: None -> <Module encodings.iso8859_9 C:\Python26\lib\encodings\iso8859_9.pyc imports=[('codecs', 0, 0, -1)] binaries=[] datas=[]>
encodings.johab: None -> <Module encodings.johab C:\Python26\lib\encodings\johab.pyc imports=[('_codecs_kr', 0, 0, -1), ('codecs', 0, 0, -1), ('_multibytecodec', 0, 0, -1)] binaries=[] datas=[]>
encodings.koi8_r: None -> <Module encodings.koi8_r C:\Python26\lib\encodings\koi8_r.pyc imports=[('codecs', 0, 0, -1)] binaries=[] datas=[]>
encodings.koi8_u: None -> <Module encodings.koi8_u C:\Python26\lib\encodings\koi8_u.pyc imports=[('codecs', 0, 0, -1)] binaries=[] datas=[]>
encodings.latin_1: None -> <Module encodings.latin_1 C:\Python26\lib\encodings\latin_1.pyc imports=[('codecs', 0, 0, -1)] binaries=[] datas=[]>
encodings.mac_arabic: None -> <Module encodings.mac_arabic C:\Python26\lib\encodings\mac_arabic.pyc imports=[('codecs', 0, 0, -1)] binaries=[] datas=[]>
encodings.mac_centeuro: None -> <Module encodings.mac_centeuro C:\Python26\lib\encodings\mac_centeuro.pyc imports=[('codecs', 0, 0, -1)] binaries=[] datas=[]>
encodings.mac_croatian: None -> <Module encodings.mac_croatian C:\Python26\lib\encodings\mac_croatian.pyc imports=[('codecs', 0, 0, -1)] binaries=[] datas=[]>
encodings.mac_cyrillic: None -> <Module encodings.mac_cyrillic C:\Python26\lib\encodings\mac_cyrillic.pyc imports=[('codecs', 0, 0, -1)] binaries=[] datas=[]>
encodings.mac_farsi: None -> <Module encodings.mac_farsi C:\Python26\lib\encodings\mac_farsi.pyc imports=[('codecs', 0, 0, -1)] binaries=[] datas=[]>
encodings.mac_greek: None -> <Module encodings.mac_greek C:\Python26\lib\encodings\mac_greek.pyc imports=[('codecs', 0, 0, -1)] binaries=[] datas=[]>
encodings.mac_iceland: None -> <Module encodings.mac_iceland C:\Python26\lib\encodings\mac_iceland.pyc imports=[('codecs', 0, 0, -1)] binaries=[] datas=[]>
encodings.mac_latin2: None -> <Module encodings.mac_latin2 C:\Python26\lib\encodings\mac_latin2.pyc imports=[('codecs', 0, 0, -1)] binaries=[] datas=[]>
encodings.mac_roman: None -> <Module encodings.mac_roman C:\Python26\lib\encodings\mac_roman.pyc imports=[('codecs', 0, 0, -1)] binaries=[] datas=[]>
encodings.mac_romanian: None -> <Module encodings.mac_romanian C:\Python26\lib\encodings\mac_romanian.pyc imports=[('codecs', 0, 0, -1)] binaries=[] datas=[]>
encodings.mac_turkish: None -> <Module encodings.mac_turkish C:\Python26\lib\encodings\mac_turkish.pyc imports=[('codecs', 0, 0, -1)] binaries=[] datas=[]>
encodings.mbcs: None -> <Module encodings.mbcs C:\Python26\lib\encodings\mbcs.pyc imports=[('codecs', 0, 0, -1), ('codecs.mbcs_encode', 0, 0, -1), ('codecs.mbcs_decode', 0, 0, -1), ('codecs', 0, 0, -1)] binaries=[] datas=[]>
encodings.palmos: None -> <Module encodings.palmos C:\Python26\lib\encodings\palmos.pyc imports=[('codecs', 0, 0, -1)] binaries=[] datas=[]>
encodings.ptcp154: None -> <Module encodings.ptcp154 C:\Python26\lib\encodings\ptcp154.pyc imports=[('codecs', 0, 0, -1)] binaries=[] datas=[]>
encodings.punycode: None -> <Module encodings.punycode C:\Python26\lib\encodings\punycode.pyc imports=[('codecs', 0, 0, -1)] binaries=[] datas=[]>
encodings.quopri_codec: None -> <Module encodings.quopri_codec C:\Python26\lib\encodings\quopri_codec.pyc imports=[('codecs', 0, 0, -1), ('quopri', 0, 0, -1), ('cStringIO', 0, 0, -1), ('cStringIO.StringIO', 0, 0, -1), ('StringIO', 0, 1, -1), ('StringIO.StringIO', 0, 1, -1)] binaries=[] datas=[]>
encodings.raw_unicode_escape: None -> <Module encodings.raw_unicode_escape C:\Python26\lib\encodings\raw_unicode_escape.pyc imports=[('codecs', 0, 0, -1)] binaries=[] datas=[]>
encodings.rot_13: None -> <Module encodings.rot_13 C:\Python26\lib\encodings\rot_13.pyc imports=[('codecs', 0, 0, -1), ('sys', 0, 1, -1)] binaries=[] datas=[]>
encodings.shift_jis: None -> <Module encodings.shift_jis C:\Python26\lib\encodings\shift_jis.pyc imports=[('_codecs_jp', 0, 0, -1), ('codecs', 0, 0, -1), ('_multibytecodec', 0, 0, -1)] binaries=[] datas=[]>
encodings.shift_jisx0213: None -> <Module encodings.shift_jisx0213 C:\Python26\lib\encodings\shift_jisx0213.pyc imports=[('_codecs_jp', 0, 0, -1), ('codecs', 0, 0, -1), ('_multibytecodec', 0, 0, -1)] binaries=[] datas=[]>
encodings.shift_jis_2004: None -> <Module encodings.shift_jis_2004 C:\Python26\lib\encodings\shift_jis_2004.pyc imports=[('_codecs_jp', 0, 0, -1), ('codecs', 0, 0, -1), ('_multibytecodec', 0, 0, -1)] binaries=[] datas=[]>
encodings.string_escape: None -> <Module encodings.string_escape C:\Python26\lib\encodings\string_escape.pyc imports=[('codecs', 0, 0, -1)] binaries=[] datas=[]>
encodings.tis_620: None -> <Module encodings.tis_620 C:\Python26\lib\encodings\tis_620.pyc imports=[('codecs', 0, 0, -1)] binaries=[] datas=[]>
encodings.undefined: None -> <Module encodings.undefined C:\Python26\lib\encodings\undefined.pyc imports=[('codecs', 0, 0, -1)] binaries=[] datas=[]>
encodings.unicode_escape: None -> <Module encodings.unicode_escape C:\Python26\lib\encodings\unicode_escape.pyc imports=[('codecs', 0, 0, -1)] binaries=[] datas=[]>
encodings.unicode_internal: None -> <Module encodings.unicode_internal C:\Python26\lib\encodings\unicode_internal.pyc imports=[('codecs', 0, 0, -1)] binaries=[] datas=[]>
encodings.utf_16: None -> <Module encodings.utf_16 C:\Python26\lib\encodings\utf_16.pyc imports=[('codecs', 0, 0, -1), ('sys', 0, 0, -1)] binaries=[] datas=[]>
encodings.utf_16_be: None -> <Module encodings.utf_16_be C:\Python26\lib\encodings\utf_16_be.pyc imports=[('codecs', 0, 0, -1)] binaries=[] datas=[]>
encodings.utf_16_le: None -> <Module encodings.utf_16_le C:\Python26\lib\encodings\utf_16_le.pyc imports=[('codecs', 0, 0, -1)] binaries=[] datas=[]>
encodings.utf_32: None -> <Module encodings.utf_32 C:\Python26\lib\encodings\utf_32.pyc imports=[('codecs', 0, 0, -1), ('sys', 0, 0, -1)] binaries=[] datas=[]>
encodings.utf_32_be: None -> <Module encodings.utf_32_be C:\Python26\lib\encodings\utf_32_be.pyc imports=[('codecs', 0, 0, -1)] binaries=[] datas=[]>
encodings.utf_32_le: None -> <Module encodings.utf_32_le C:\Python26\lib\encodings\utf_32_le.pyc imports=[('codecs', 0, 0, -1)] binaries=[] datas=[]>
encodings.utf_7: None -> <Module encodings.utf_7 C:\Python26\lib\encodings\utf_7.pyc imports=[('codecs', 0, 0, -1)] binaries=[] datas=[]>
encodings.utf_8: None -> <Module encodings.utf_8 C:\Python26\lib\encodings\utf_8.pyc imports=[('codecs', 0, 0, -1)] binaries=[] datas=[]>
encodings.utf_8_sig: None -> <Module encodings.utf_8_sig C:\Python26\lib\encodings\utf_8_sig.pyc imports=[('codecs', 0, 0, -1)] binaries=[] datas=[]>
encodings.uu_codec: None -> <Module encodings.uu_codec C:\Python26\lib\encodings\uu_codec.pyc imports=[('codecs', 0, 0, -1), ('binascii', 0, 0, -1), ('cStringIO', 1, 0, -1), ('cStringIO.StringIO', 1, 0, -1), ('binascii', 1, 0, -1), ('binascii.b2a_uu', 1, 0, -1), ('cStringIO', 1, 0, -1), ('cStringIO.StringIO', 1, 0, -1), ('binascii', 1, 0, -1), ('binascii.a2b_uu', 1, 0, -1)] binaries=[] datas=[]>
encodings.zlib_codec: None -> <Module encodings.zlib_codec C:\Python26\lib\encodings\zlib_codec.pyc imports=[('codecs', 0, 0, -1), ('zlib', 0, 0, -1)] binaries=[] datas=[]>
_codecs: None -> <Module _codecs None imports=[] binaries=[] datas=[]>
encodings.base64: None -> None
base64: None -> <Module base64 C:\Python26\lib\base64.pyc imports=[('re', 0, 0, -1), ('struct', 0, 0, -1), ('binascii', 0, 0, -1), ('sys', 1, 0, -1), ('getopt', 1, 0, -1)] binaries=[] datas=[]>
binascii: None -> <Module binascii None imports=[] binaries=[] datas=[]>
getopt: None -> <Module getopt C:\Python26\lib\getopt.pyc imports=[('os', 0, 0, -1), ('sys', 0, 1, -1)] binaries=[] datas=[]>
encodings._codecs_tw: None -> None
_codecs_tw: None -> <Module _codecs_tw None imports=[] binaries=[] datas=[]>
encodings._multibytecodec: None -> None
_multibytecodec: None -> <Module _multibytecodec None imports=[] binaries=[] datas=[]>
encodings._codecs_hk: None -> None
_codecs_hk: None -> <Module _codecs_hk None imports=[] binaries=[] datas=[]>
encodings.bz2: None -> None
bz2: None -> <Module bz2 C:\Python26\DLLs\bz2.pyd imports=[] binaries=[] datas=[]>
encodings._codecs_jp: None -> None
_codecs_jp: None -> <Module _codecs_jp None imports=[] binaries=[] datas=[]>
encodings._codecs_kr: None -> None
_codecs_kr: None -> <Module _codecs_kr None imports=[] binaries=[] datas=[]>
encodings._codecs_cn: None -> None
_codecs_cn: None -> <Module _codecs_cn None imports=[] binaries=[] datas=[]>
encodings.binascii: None -> None
encodings.stringprep: None -> None
stringprep: None -> <Module stringprep C:\Python26\lib\stringprep.pyc imports=[('unicodedata', 0, 0, -1), ('unicodedata.ucd_3_2_0', 0, 0, -1)] binaries=[] datas=[]>
encodings.re: None -> None
encodings.unicodedata: None -> None
unicodedata: None -> <Module unicodedata C:\Python26\DLLs\unicodedata.pyd imports=[] binaries=[] datas=[]>
encodings._codecs_iso2022: None -> None
_codecs_iso2022: None -> <Module _codecs_iso2022 None imports=[] binaries=[] datas=[]>
encodings.quopri: None -> None
quopri: None -> <Module quopri C:\Python26\lib\quopri.pyc imports=[('binascii', 0, 0, -1), ('binascii.a2b_qp', 0, 0, -1), ('binascii.b2a_qp', 0, 0, -1), ('cStringIO', 1, 0, -1), ('cStringIO.StringIO', 1, 0, -1), ('cStringIO', 1, 0, -1), ('cStringIO.StringIO', 1, 0, -1), ('sys', 1, 0, -1), ('getopt', 1, 0, -1)] binaries=[] datas=[]>
encodings.cStringIO: None -> None
cStringIO: None -> <Module cStringIO None imports=[] binaries=[] datas=[]>
encodings.StringIO: None -> None
StringIO: None -> <Module StringIO C:\Python26\lib\StringIO.pyc imports=[('errno', 0, 0, -1), ('errno.EINVAL', 0, 0, -1), ('sys', 1, 0, -1)] binaries=[] datas=[]>
encodings.sys: None -> None
encodings.zlib: None -> None
optparse: None -> <Module optparse C:\Python26\lib\optparse.pyc imports=[('sys', 0, 0, -1), ('os', 0, 0, -1), ('types', 0, 0, -1), ('textwrap', 0, 0, -1), ('gettext', 0, 0, -1), ('gettext.gettext', 0, 0, -1), ('__builtin__', 1, 1, -1)] binaries=[] datas=[]>
textwrap: None -> <Module textwrap C:\Python26\lib\textwrap.pyc imports=[('string', 0, 0, -1), ('re', 0, 0, -1)] binaries=[] datas=[]>
gettext: None -> <Module gettext C:\Python26\lib\gettext.pyc imports=[('locale', 0, 0, -1), ('copy', 0, 0, -1), ('os', 0, 0, -1), ('re', 0, 0, -1), ('struct', 0, 0, -1), ('sys', 0, 0, -1), ('errno', 0, 0, -1), ('errno.ENOENT', 0, 0, -1), ('cStringIO', 1, 0, -1), ('cStringIO.StringIO', 1, 0, -1), ('StringIO', 1, 1, -1), ('StringIO.StringIO', 1, 1, -1), ('token', 1, 0, -1), ('tokenize', 1, 0, -1), ('locale', 1, 0, -1), ('locale.normalize', 1, 0, -1), ('__builtin__', 1, 0, -1)] binaries=[] datas=[]>
token: None -> <Module token C:\Python26\lib\token.pyc imports=[('re', 1, 0, -1), ('sys', 1, 0, -1)] binaries=[] datas=[]>
tokenize: None -> <Module tokenize C:\Python26\lib\tokenize.pyc imports=[('string', 0, 0, -1), ('re', 0, 0, -1), ('token', 0, 0, -1), ('token.*', 0, 0, -1), ('token', 0, 0, -1), ('sys', 0, 1, -1)] binaries=[] datas=[]>
_collections: None -> <Module _collections None imports=[] binaries=[] datas=[]>
keyword: None -> <Module keyword C:\Python26\lib\keyword.pyc imports=[('sys', 1, 0, -1), ('re', 1, 0, -1)] binaries=[] datas=[]>
cPickle: None -> <Module cPickle None imports=[] binaries=[] datas=[]>
doctest: None -> <Module doctest C:\Python26\lib\doctest.pyc imports=[('__future__', 0, 0, -1), ('sys', 0, 0, -1), ('traceback', 0, 0, -1), ('inspect', 0, 0, -1), ('linecache', 0, 0, -1), ('os', 0, 0, -1), ('re', 0, 0, -1), ('unittest', 0, 0, -1), ('difflib', 0, 0, -1), ('pdb', 0, 0, -1), ('tempfile', 0, 0, -1), ('warnings', 0, 0, -1), ('StringIO', 0, 0, -1), ('StringIO.StringIO', 0, 0, -1), ('collections', 0, 0, -1), ('collections.namedtuple', 0, 0, -1), ('types', 1, 0, -1), ('types', 1, 0, -1), ('pdb', 1, 0, -1)] binaries=[] datas=[]>
__future__: None -> <Module __future__ C:\Python26\lib\__future__.pyc imports=[] binaries=[] datas=[]>
inspect: None -> <Module inspect C:\Python26\lib\inspect.pyc imports=[('sys', 0, 0, -1), ('os', 0, 0, -1), ('types', 0, 0, -1), ('string', 0, 0, -1), ('re', 0, 0, -1), ('dis', 0, 0, -1), ('imp', 0, 0, -1), ('tokenize', 0, 0, -1), ('linecache', 0, 0, -1), ('operator', 0, 0, -1), ('operator.attrgetter', 0, 0, -1), ('collections', 0, 0, -1), ('collections.namedtuple', 0, 0, -1)] binaries=[] datas=[]>
unittest: None -> <Module unittest C:\Python26\lib\unittest.pyc imports=[('time', 0, 0, -1), ('sys', 0, 0, -1), ('traceback', 0, 0, -1), ('os', 0, 0, -1), ('types', 0, 0, -1), ('__builtin__', 1, 0, -1), ('getopt', 1, 0, -1)] binaries=[] datas=[]>
difflib: None -> <Module difflib C:\Python26\lib\difflib.pyc imports=[('heapq', 0, 0, -1), ('collections', 0, 0, -1), ('collections.namedtuple', 0, 0, -1), ('functools', 0, 0, -1), ('functools.reduce', 0, 0, -1), ('re', 0, 0, -1), ('re', 1, 0, -1), ('doctest', 1, 0, -1), ('difflib', 1, 0, -1)] binaries=[] datas=[]>
pdb: None -> <Module pdb C:\Python26\lib\pdb.pyc imports=[('sys', 0, 0, -1), ('linecache', 0, 0, -1), ('cmd', 0, 0, -1), ('bdb', 0, 0, -1), ('repr', 0, 0, -1), ('repr.Repr', 0, 0, -1), ('os', 0, 0, -1), ('re', 0, 0, -1), ('pprint', 0, 0, -1), ('traceback', 0, 0, -1), ('pdb', 0, 1, -1), ('readline', 1, 0, -1), ('shlex', 1, 1, -1), ('__main__', 1, 0, -1)] binaries=[] datas=[]>
tempfile: None -> <Module tempfile C:\Python26\lib\tempfile.pyc imports=[('os', 0, 0, -1), ('errno', 0, 0, -1), ('random', 0, 0, -1), ('random.Random', 0, 0, -1), ('cStringIO', 0, 0, -1), ('cStringIO.StringIO', 0, 0, -1), ('StringIO', 0, 1, -1), ('StringIO.StringIO', 0, 1, -1), ('fcntl', 0, 0, -1), ('thread', 0, 0, -1), ('dummy_thread', 0, 1, -1)] binaries=[] datas=[]>
dis: None -> <Module dis C:\Python26\lib\dis.pyc imports=[('sys', 0, 0, -1), ('types', 0, 0, -1), ('opcode', 0, 0, -1), ('opcode.*', 0, 0, -1), ('opcode', 0, 0, -1), ('opcode.__all__', 0, 0, -1)] binaries=[] datas=[]>
opcode: None -> <Module opcode C:\Python26\lib\opcode.pyc imports=[] binaries=[] datas=[]>
heapq: None -> <Module heapq C:\Python26\lib\heapq.pyc imports=[('itertools', 0, 0, -1), ('itertools.islice', 0, 0, -1), ('itertools.repeat', 0, 0, -1), ('itertools.count', 0, 0, -1), ('itertools.imap', 0, 0, -1), ('itertools.izip', 0, 0, -1), ('itertools.tee', 0, 0, -1), ('operator', 0, 0, -1), ('operator.itemgetter', 0, 0, -1), ('operator.neg', 0, 0, -1), ('bisect', 0, 0, -1), ('_heapq', 0, 0, -1), ('_heapq.heappush', 0, 0, -1), ('_heapq.heappop', 0, 0, -1), ('_heapq.heapify', 0, 0, -1), ('_heapq.heapreplace', 0, 0, -1), ('_heapq.nlargest', 0, 0, -1), ('_heapq.nsmallest', 0, 0, -1), ('_heapq.heappushpop', 0, 0, -1), ('doctest', 0, 1, -1)] binaries=[] datas=[]>
bisect: None -> <Module bisect C:\Python26\lib\bisect.pyc imports=[('_bisect', 0, 0, -1), ('_bisect.bisect_right', 0, 0, -1), ('_bisect.bisect_left', 0, 0, -1), ('_bisect.insort_left', 0, 0, -1), ('_bisect.insort_right', 0, 0, -1), ('_bisect.insort', 0, 0, -1), ('_bisect.bisect', 0, 0, -1)] binaries=[] datas=[]>
_heapq: None -> <Module _heapq None imports=[] binaries=[] datas=[]>
_bisect: None -> <Module _bisect None imports=[] binaries=[] datas=[]>
cmd: None -> <Module cmd C:\Python26\lib\cmd.pyc imports=[('string', 0, 0, -1), ('sys', 1, 0, -1), ('readline', 1, 1, -1), ('readline', 1, 1, -1), ('readline', 1, 1, -1)] binaries=[] datas=[]>
bdb: None -> <Module bdb C:\Python26\lib\bdb.pyc imports=[('sys', 0, 0, -1), ('os', 0, 0, -1), ('types', 0, 0, -1), ('linecache', 1, 0, -1), ('linecache', 1, 0, -1), ('linecache', 1, 0, -1), ('repr', 1, 0, -1), ('__main__', 1, 1, -1), ('__main__', 1, 1, -1), ('linecache', 1, 0, -1)] binaries=[] datas=[]>
pprint: None -> <Module pprint C:\Python26\lib\pprint.pyc imports=[('sys', 0, 0, -1), ('cStringIO', 0, 0, -1), ('cStringIO.StringIO', 0, 0, -1), ('time', 1, 0, -1)] binaries=[] datas=[]>
readline: None -> <Module readline C:\Python26\lib\site-packages\readline.pyc imports=[('pyreadline', 0, 0, -1), ('pyreadline.*', 0, 0, -1)] binaries=[] datas=[]>
shlex: None -> <Module shlex C:\Python26\lib\shlex.pyc imports=[('os.path', 0, 0, -1), ('sys', 0, 0, -1), ('collections', 0, 0, -1), ('collections.deque', 0, 0, -1), ('cStringIO', 0, 0, -1), ('cStringIO.StringIO', 0, 0, -1), ('StringIO', 0, 1, -1), ('StringIO.StringIO', 0, 1, -1)] binaries=[] datas=[]>
__main__: None -> <Module __main__ None imports=[] binaries=[] datas=[]>
pyreadline: None -> <Module pyreadline C:\Python26\lib\site-packages\pyreadline\__init__.pyc imports=[('unicode_helper', 0, 0, -1), ('logger', 0, 0, -1), ('clipboard', 0, 0, -1), ('lineeditor', 0, 0, -1), ('modes', 0, 0, -1), ('rlmain', 0, 0, -1), ('rlmain.*', 0, 0, -1), ('rlmain', 0, 0, -1), ('release', 0, 0, -1)] binaries=[] datas=[]>
pyreadline.rlmain: None -> <Module pyreadline.rlmain C:\Python26\lib\site-packages\pyreadline\rlmain.pyc imports=[('sys', 0, 0, -1), ('os', 0, 0, -1), ('re', 0, 0, -1), ('glob', 0, 0, -1), ('glob.glob', 0, 0, -1), ('clipboard', 0, 0, -1), ('logger', 0, 0, -1), ('console', 0, 0, -1), ('logger', 0, 0, -1), ('logger.log', 0, 0, -1), ('logger.log_sock', 0, 0, -1), ('error', 0, 0, -1), ('error.ReadlineError', 0, 0, -1), ('error.GetSetError', 0, 0, -1), ('pyreadline.keysyms.common', 0, 0, -1), ('pyreadline.keysyms.common.make_KeyPress_from_keydescr', 0, 0, -1), ('pyreadline.lineeditor.lineobj', 0, 0, -1), ('pyreadline.lineeditor.history', 0, 0, -1), ('release', 0, 0, -1), ('modes', 0, 0, -1), ('modes.editingmodes', 0, 0, -1), ('System', 0, 1, -1), ('pdb', 0, 1, -1), ('traceback', 1, 1, -1), ('pyreadline.lineeditor.lineobj', 1, 0, -1)] binaries=[] datas=[]>
pyreadline.rl: None -> None
pyreadline.GetOutputFile: None -> None
pyreadline.add_history: None -> None
pyreadline.get_completer_delims: None -> None
pyreadline.set_completer_delims: None -> None
pyreadline.get_endidx: None -> None
pyreadline.get_begidx: None -> None
pyreadline.get_completer: None -> None
pyreadline.set_completer: None -> None
pyreadline.set_pre_input_hook: None -> None
pyreadline.set_startup_hook: None -> None
pyreadline.set_history_length: None -> None
pyreadline.get_history_length: None -> None
pyreadline.write_history_file: None -> None
pyreadline.read_history_file: None -> None
pyreadline.read_init_file: None -> None
pyreadline.clear_history: None -> None
pyreadline.insert_text: None -> None
pyreadline.get_line_buffer: None -> None
pyreadline.parse_and_bind: None -> None
pyreadline.unicode_helper: None -> <Module pyreadline.unicode_helper C:\Python26\lib\site-packages\pyreadline\unicode_helper.pyc imports=[('sys', 0, 0, -1)] binaries=[] datas=[]>
pyreadline.logger: None -> <Module pyreadline.logger C:\Python26\lib\site-packages\pyreadline\logger.pyc imports=[('socket', 0, 0, -1), ('pyreadline.unicode_helper', 0, 0, -1), ('pyreadline.unicode_helper.ensure_str', 0, 0, -1)] binaries=[] datas=[]>
pyreadline.clipboard: None -> <Module pyreadline.clipboard C:\Python26\lib\site-packages\pyreadline\clipboard\__init__.pyc imports=[('sys', 0, 0, -1), ('ironpython_clipboard', 0, 1, -1), ('ironpython_clipboard.GetClipboardText', 0, 1, -1), ('ironpython_clipboard.SetClipboardText', 0, 1, -1), ('win32_clipboard', 0, 1, -1), ('win32_clipboard.GetClipboardText', 0, 1, -1), ('win32_clipboard.SetClipboardText', 0, 1, -1)] binaries=[] datas=[]>
pyreadline.lineeditor: None -> <Module pyreadline.lineeditor C:\Python26\lib\site-packages\pyreadline\lineeditor\__init__.pyc imports=[] binaries=[] datas=[]>
pyreadline.modes: None -> <Module pyreadline.modes C:\Python26\lib\site-packages\pyreadline\modes\__init__.pyc imports=[('emacs', 0, 0, -1), ('notemacs', 0, 0, -1), ('vi', 0, 0, -1)] binaries=[] datas=[]>
pyreadline.release: None -> <Module pyreadline.release C:\Python26\lib\site-packages\pyreadline\release.pyc imports=[] binaries=[] datas=[]>
pyreadline.sys: None -> None
pyreadline.socket: None -> None
socket: None -> <Module socket C:\Python26\lib\socket.pyc imports=[('_socket', 0, 0, -1), ('_socket', 0, 0, -1), ('_socket.*', 0, 0, -1), ('_ssl', 0, 0, -1), ('_ssl', 0, 1, -1), ('_ssl.SSLError', 0, 1, -1), ('_ssl', 0, 1, -1), ('_ssl.RAND_add', 0, 1, -1), ('_ssl.RAND_egd', 0, 1, -1), ('_ssl.RAND_status', 0, 1, -1), ('_ssl.SSL_ERROR_ZERO_RETURN', 0, 1, -1), ('_ssl.SSL_ERROR_WANT_READ', 0, 1, -1), ('_ssl.SSL_ERROR_WANT_WRITE', 0, 1, -1), ('_ssl.SSL_ERROR_WANT_X509_LOOKUP', 0, 1, -1), ('_ssl.SSL_ERROR_SYSCALL', 0, 1, -1), ('_ssl.SSL_ERROR_SSL', 0, 1, -1), ('_ssl.SSL_ERROR_WANT_CONNECT', 0, 1, -1), ('_ssl.SSL_ERROR_EOF', 0, 1, -1), ('_ssl.SSL_ERROR_INVALID_ERROR_CODE', 0, 1, -1), ('os', 0, 0, -1), ('sys', 0, 0, -1), ('warnings', 0, 0, -1), ('cStringIO', 0, 0, -1), ('cStringIO.StringIO', 0, 0, -1), ('StringIO', 0, 1, -1), ('StringIO.StringIO', 0, 1, -1), ('errno', 0, 0, -1), ('errno.EBADF', 0, 0, -1), ('ssl', 1, 0, -1)] binaries=[] datas=[]>
pyreadline.pyreadline: None -> None
_socket: None -> <Module _socket C:\Python26\DLLs\_socket.pyd imports=[] binaries=[] datas=[]>
_ssl: None -> <Module _ssl C:\Python26\DLLs\_ssl.pyd imports=[] binaries=[] datas=[]>
ssl: None -> <Module ssl C:\Python26\lib\ssl.pyc imports=[('textwrap', 0, 0, -1), ('_ssl', 0, 0, -1), ('_ssl', 0, 0, -1), ('_ssl.SSLError', 0, 0, -1), ('_ssl', 0, 0, -1), ('_ssl.CERT_NONE', 0, 0, -1), ('_ssl.CERT_OPTIONAL', 0, 0, -1), ('_ssl.CERT_REQUIRED', 0, 0, -1), ('_ssl', 0, 0, -1), ('_ssl.PROTOCOL_SSLv2', 0, 0, -1), ('_ssl.PROTOCOL_SSLv3', 0, 0, -1), ('_ssl.PROTOCOL_SSLv23', 0, 0, -1), ('_ssl.PROTOCOL_TLSv1', 0, 0, -1), ('_ssl', 0, 0, -1), ('_ssl.RAND_status', 0, 0, -1), ('_ssl.RAND_egd', 0, 0, -1), ('_ssl.RAND_add', 0, 0, -1), ('_ssl', 0, 0, -1), ('_ssl.SSL_ERROR_ZERO_RETURN', 0, 0, -1), ('_ssl.SSL_ERROR_WANT_READ', 0, 0, -1), ('_ssl.SSL_ERROR_WANT_WRITE', 0, 0, -1), ('_ssl.SSL_ERROR_WANT_X509_LOOKUP', 0, 0, -1), ('_ssl.SSL_ERROR_SYSCALL', 0, 0, -1), ('_ssl.SSL_ERROR_SSL', 0, 0, -1), ('_ssl.SSL_ERROR_WANT_CONNECT', 0, 0, -1), ('_ssl.SSL_ERROR_EOF', 0, 0, -1), ('_ssl.SSL_ERROR_INVALID_ERROR_CODE', 0, 0, -1), ('socket', 0, 0, -1), ('socket.socket', 0, 0, -1), ('socket._fileobject', 0, 0, -1), ('socket', 0, 0, -1), ('socket.getnameinfo', 0, 0, -1), ('base64', 0, 0, -1), ('time', 1, 0, -1)] binaries=[] datas=[]>
pyreadline.clipboard.sys: None -> None
pyreadline.clipboard.ironpython_clipboard: None -> <Module pyreadline.clipboard.ironpython_clipboard C:\Python26\lib\site-packages\pyreadline\clipboard\ironpython_clipboard.pyc imports=[('clr', 0, 0, -1), ('System.Windows.Forms.Clipboard', 0, 0, -1)] binaries=[] datas=[]>
pyreadline.clipboard.win32_clipboard: None -> <Module pyreadline.clipboard.win32_clipboard C:\Python26\lib\site-packages\pyreadline\clipboard\win32_clipboard.pyc imports=[('ctypes', 0, 0, -1), ('ctypes.*', 0, 0, -1), ('pyreadline.keysyms.winconstants', 0, 0, -1), ('pyreadline.keysyms.winconstants.CF_TEXT', 0, 0, -1), ('pyreadline.keysyms.winconstants.GHND', 0, 0, -1), ('pyreadline.unicode_helper', 0, 0, -1), ('pyreadline.unicode_helper.ensure_unicode', 0, 0, -1), ('pyreadline.unicode_helper.ensure_str', 0, 0, -1)] binaries=[] datas=[]>
pyreadline.clipboard.clr: None -> None
clr: None -> None
  DEL clr
pyreadline.clipboard.System: None -> None
System: None -> None
  DEL System
pyreadline.clipboard.ctypes: None -> None
ctypes: None -> <Module ctypes C:\Python26\lib\ctypes\__init__.pyc imports=[('os', 0, 0, -1), ('sys', 0, 0, -1), ('_ctypes', 0, 0, -1), ('_ctypes.Union', 0, 0, -1), ('_ctypes.Structure', 0, 0, -1), ('_ctypes.Array', 0, 0, -1), ('_ctypes', 0, 0, -1), ('_ctypes._Pointer', 0, 0, -1), ('_ctypes', 0, 0, -1), ('_ctypes.CFuncPtr', 0, 0, -1), ('_ctypes', 0, 0, -1), ('_ctypes.__version__', 0, 0, -1), ('_ctypes', 0, 0, -1), ('_ctypes.RTLD_LOCAL', 0, 0, -1), ('_ctypes.RTLD_GLOBAL', 0, 0, -1), ('_ctypes', 0, 0, -1), ('_ctypes.ArgumentError', 0, 0, -1), ('struct', 0, 0, -1), ('struct.calcsize', 0, 0, -1), ('_ctypes', 0, 1, -1), ('_ctypes.FormatError', 0, 1, -1), ('_ctypes', 0, 0, -1), ('_ctypes.FUNCFLAG_CDECL', 0, 0, -1), ('_ctypes.FUNCFLAG_PYTHONAPI', 0, 0, -1), ('_ctypes.FUNCFLAG_USE_ERRNO', 0, 0, -1), ('_ctypes.FUNCFLAG_USE_LASTERROR', 0, 0, -1), ('_ctypes', 0, 1, -1), ('_ctypes.LoadLibrary', 0, 1, -1), ('_ctypes', 0, 1, -1), ('_ctypes.FUNCFLAG_STDCALL', 0, 1, -1), ('_ctypes', 0, 1, -1), ('_ctypes.dlopen', 0, 1, -1), ('_ctypes', 0, 0, -1), ('_ctypes.sizeof', 0, 0, -1), ('_ctypes.byref', 0, 0, -1), ('_ctypes.addressof', 0, 0, -1), ('_ctypes.alignment', 0, 0, -1), ('_ctypes.resize', 0, 0, -1), ('_ctypes', 0, 0, -1), ('_ctypes.get_errno', 0, 0, -1), ('_ctypes.set_errno', 0, 0, -1), ('_ctypes', 0, 0, -1), ('_ctypes._SimpleCData', 0, 0, -1), ('_ctypes', 0, 0, -1), ('_ctypes.POINTER', 0, 0, -1), ('_ctypes.pointer', 0, 0, -1), ('_ctypes._pointer_type_cache', 0, 0, -1), ('_ctypes', 0, 0, -1), ('_ctypes.set_conversion_mode', 0, 0, -1), ('_ctypes', 0, 1, -1), ('_ctypes._check_HRESULT', 0, 1, -1), ('_ctypes._SimpleCData', 0, 1, -1), ('_ctypes', 0, 1, -1), ('_ctypes.get_last_error', 0, 1, -1), ('_ctypes.set_last_error', 0, 1, -1), ('_ctypes', 0, 0, -1), ('_ctypes._memmove_addr', 0, 0, -1), ('_ctypes._memset_addr', 0, 0, -1), ('_ctypes._string_at_addr', 0, 0, -1), ('_ctypes._cast_addr', 0, 0, -1), ('_ctypes', 0, 0, -1), ('_ctypes._wstring_at_addr', 0, 0, -1), ('ctypes._endian', 0, 0, -1), ('ctypes._endian.BigEndianStructure', 0, 0, -1), ('ctypes._endian.LittleEndianStructure', 0, 0, -1), ('struct', 1, 0, -1), ('struct.calcsize', 1, 0, -1)] binaries=[] datas=[]>
pyreadline.clipboard.pyreadline: None -> None
pyreadline.keysyms: None -> <Module pyreadline.keysyms C:\Python26\lib\site-packages\pyreadline\keysyms\__init__.pyc imports=[('sys', 0, 0, -1), ('ironpython_keysyms', 0, 1, -1), ('ironpython_keysyms.*', 0, 1, -1), ('keysyms', 0, 1, -1), ('keysyms.*', 0, 1, -1)] binaries=[] datas=[]>
pyreadline.keysyms.winconstants: None -> <Module pyreadline.keysyms.winconstants C:\Python26\lib\site-packages\pyreadline\keysyms\winconstants.pyc imports=[] binaries=[] datas=[]>
ctypes.os: None -> None
ctypes.sys: None -> None
ctypes._ctypes: None -> None
_ctypes: None -> <Module _ctypes C:\Python26\DLLs\_ctypes.pyd imports=[] binaries=[] datas=[]>
ctypes.struct: None -> None
ctypes.ctypes: None -> None
ctypes._endian: None -> <Module ctypes._endian C:\Python26\lib\ctypes\_endian.pyc imports=[('sys', 0, 0, -1), ('ctypes', 0, 0, -1), ('ctypes.*', 0, 0, -1)] binaries=[] datas=[]>
pyreadline.keysyms.sys: None -> None
pyreadline.keysyms.ironpython_keysyms: None -> <Module pyreadline.keysyms.ironpython_keysyms C:\Python26\lib\site-packages\pyreadline\keysyms\ironpython_keysyms.pyc imports=[('System', 0, 0, -1), ('common', 0, 0, -1), ('common.validkey', 0, 0, -1), ('common.KeyPress', 0, 0, -1), ('common.make_KeyPress_from_keydescr', 0, 0, -1)] binaries=[] datas=[]>
pyreadline.keysyms.keysyms: None -> <Module pyreadline.keysyms.keysyms C:\Python26\lib\site-packages\pyreadline\keysyms\keysyms.pyc imports=[('winconstants', 0, 0, -1), ('ctypes', 0, 0, -1), ('ctypes.windll', 0, 0, -1), ('ctypes', 0, 0, -1), ('common', 0, 0, -1), ('common.validkey', 0, 0, -1), ('common.KeyPress', 0, 0, -1), ('common.make_KeyPress_from_keydescr', 0, 0, -1), ('startup', 0, 1, -1)] binaries=[] datas=[]>
pyreadline.keysyms.System: None -> None
System: None -> None
  DEL System
pyreadline.keysyms.common: None -> <Module pyreadline.keysyms.common C:\Python26\lib\site-packages\pyreadline\keysyms\common.pyc imports=[('sets', 0, 1, -1), ('sets.Set', 0, 1, -1), ('pyreadline.unicode_helper', 0, 0, -1), ('pyreadline.unicode_helper.ensure_unicode', 0, 0, -1), ('startup', 0, 1, -1)] binaries=[] datas=[]>
pyreadline.keysyms.sets: None -> None
sets: None -> <Module sets C:\Python26\lib\sets.pyc imports=[('__future__', 0, 0, -1), ('__future__.generators', 0, 0, -1), ('itertools', 0, 0, -1), ('itertools.ifilter', 0, 0, -1), ('itertools.ifilterfalse', 0, 0, -1), ('warnings', 0, 0, -1), ('copy', 1, 0, -1), ('copy.deepcopy', 1, 0, -1)] binaries=[] datas=[]>
pyreadline.keysyms.pyreadline: None -> None
pyreadline.keysyms.startup: None -> None
startup: None -> None
  DEL startup
pyreadline.keysyms.ctypes: None -> None
ctypes.windll: None -> None
  DEL ctypes.windll
startup: None -> None
  DEL startup
pyreadline.modes.emacs: None -> <Module pyreadline.modes.emacs C:\Python26\lib\site-packages\pyreadline\modes\emacs.pyc imports=[('os', 0, 0, -1), ('sys', 0, 0, -1), ('time', 0, 0, -1), ('pyreadline.logger', 0, 0, -1), ('pyreadline.logger', 0, 0, -1), ('pyreadline.logger.log', 0, 0, -1), ('pyreadline.logger.log_sock', 0, 0, -1), ('pyreadline.lineeditor.lineobj', 0, 0, -1), ('pyreadline.lineeditor.lineobj.Point', 0, 0, -1), ('pyreadline.lineeditor.lineobj', 0, 0, -1), ('pyreadline.lineeditor.history', 0, 0, -1), ('basemode', 0, 0, -1), ('string', 0, 0, -1), ('pyreadline.unicode_helper', 0, 0, -1), ('pyreadline.unicode_helper.ensure_unicode', 0, 0, -1), ('pyreadline.keysyms.common', 1, 1, -1), ('pyreadline.keysyms.common.KeyPress', 1, 1, -1), ('pyreadline.console.event', 1, 1, -1), ('pyreadline.console.event.Event', 1, 1, -1)] binaries=[] datas=[]>
pyreadline.modes.notemacs: None -> <Module pyreadline.modes.notemacs C:\Python26\lib\site-packages\pyreadline\modes\notemacs.pyc imports=[('os', 0, 0, -1), ('pyreadline.logger', 0, 0, -1), ('pyreadline.logger', 0, 0, -1), ('pyreadline.logger.log', 0, 0, -1), ('pyreadline.lineeditor.lineobj', 0, 0, -1), ('pyreadline.lineeditor.history', 0, 0, -1), ('basemode', 0, 0, -1)] binaries=[] datas=[]>
pyreadline.modes.vi: None -> <Module pyreadline.modes.vi C:\Python26\lib\site-packages\pyreadline\modes\vi.pyc imports=[('os', 0, 0, -1), ('pyreadline.logger', 0, 0, -1), ('pyreadline.logger', 0, 0, -1), ('pyreadline.logger.log', 0, 0, -1), ('pyreadline.logger.log_sock', 0, 0, -1), ('pyreadline.lineeditor.lineobj', 0, 0, -1), ('pyreadline.lineeditor.history', 0, 0, -1), ('basemode', 0, 0, -1), ('tempfile', 1, 0, -1)] binaries=[] datas=[]>
pyreadline.modes.os: None -> None
pyreadline.modes.sys: None -> None
pyreadline.modes.time: None -> None
pyreadline.modes.pyreadline: None -> None
pyreadline.lineeditor.lineobj: None -> <Module pyreadline.lineeditor.lineobj C:\Python26\lib\site-packages\pyreadline\lineeditor\lineobj.pyc imports=[('re', 0, 0, -1), ('operator', 0, 0, -1), ('sys', 0, 0, -1), ('wordmatcher', 0, 0, -1), ('pyreadline.clipboard', 0, 0, -1), ('pyreadline.logger', 0, 0, -1), ('pyreadline.logger.log', 0, 0, -1), ('pyreadline.logger.log_sock', 0, 0, -1), ('pyreadline.unicode_helper', 0, 0, -1), ('pyreadline.unicode_helper.ensure_unicode', 0, 0, -1), ('startup', 0, 1, -1)] binaries=[] datas=[]>
pyreadline.lineeditor.history: None -> <Module pyreadline.lineeditor.history C:\Python26\lib\site-packages\pyreadline\lineeditor\history.pyc imports=[('re', 0, 0, -1), ('operator', 0, 0, -1), ('string', 0, 0, -1), ('sys', 0, 0, -1), ('os', 0, 0, -1), ('pyreadline.unicode_helper', 0, 0, -1), ('pyreadline.unicode_helper.ensure_unicode', 0, 0, -1), ('pyreadline.unicode_helper.ensure_str', 0, 0, -1), ('pyreadline', 0, 1, -1), ('lineobj', 0, 0, -1), ('exceptions', 0, 0, -1), ('pyreadline.logger', 0, 0, -1), ('pyreadline.logger.log_sock', 0, 0, -1)] binaries=[] datas=[]>
pyreadline.modes.basemode: None -> <Module pyreadline.modes.basemode C:\Python26\lib\site-packages\pyreadline\modes\basemode.pyc imports=[('os', 0, 0, -1), ('re', 0, 0, -1), ('math', 0, 0, -1), ('glob', 0, 0, -1), ('sys', 0, 0, -1), ('pyreadline.logger', 0, 0, -1), ('pyreadline.logger', 0, 0, -1), ('pyreadline.logger.log', 0, 0, -1), ('pyreadline.logger.log_sock', 0, 0, -1), ('pyreadline.keysyms.common', 0, 0, -1), ('pyreadline.keysyms.common.make_KeyPress_from_keydescr', 0, 0, -1), ('pyreadline.lineeditor.lineobj', 0, 0, -1), ('pyreadline.lineeditor.history', 0, 0, -1), ('pyreadline.clipboard', 0, 0, -1), ('pyreadline.error', 0, 0, -1), ('pyreadline.error.ReadlineError', 0, 0, -1), ('pyreadline.error.GetSetError', 0, 0, -1), ('pyreadline.unicode_helper', 0, 0, -1), ('pyreadline.unicode_helper.ensure_str', 0, 0, -1), ('pyreadline.unicode_helper.ensure_unicode', 0, 0, -1)] binaries=[] datas=[]>
pyreadline.modes.string: None -> None
pyreadline.console: None -> <Module pyreadline.console C:\Python26\lib\site-packages\pyreadline\console\__init__.pyc imports=[('glob', 0, 0, -1), ('sys', 0, 0, -1), ('ironpython_console', 0, 1, -1), ('ironpython_console.*', 0, 1, -1), ('console', 0, 1, -1), ('console.*', 0, 1, -1)] binaries=[] datas=[]>
pyreadline.console.event: None -> <Module pyreadline.console.event C:\Python26\lib\site-packages\pyreadline\console\event.pyc imports=[] binaries=[] datas=[]>
pyreadline.lineeditor.re: None -> None
pyreadline.lineeditor.operator: None -> None
pyreadline.lineeditor.sys: None -> None
pyreadline.lineeditor.wordmatcher: None -> <Module pyreadline.lineeditor.wordmatcher C:\Python26\lib\site-packages\pyreadline\lineeditor\wordmatcher.pyc imports=[('re', 0, 0, -1), ('operator', 0, 0, -1)] binaries=[] datas=[]>
pyreadline.lineeditor.pyreadline: None -> None
pyreadline.lineeditor.startup: None -> None
startup: None -> None
  DEL startup
pyreadline.lineeditor.string: None -> None
pyreadline.lineeditor.os: None -> None
pyreadline.lineeditor.exceptions: None -> None
exceptions: None -> <Module exceptions None imports=[] binaries=[] datas=[]>
pyreadline.modes.re: None -> None
pyreadline.modes.math: None -> None
math: None -> <Module math None imports=[] binaries=[] datas=[]>
pyreadline.modes.glob: None -> None
glob: None -> <Module glob C:\Python26\lib\glob.pyc imports=[('sys', 0, 0, -1), ('os', 0, 0, -1), ('re', 0, 0, -1), ('fnmatch', 0, 0, -1)] binaries=[] datas=[]>
pyreadline.error: None -> <Module pyreadline.error C:\Python26\lib\site-packages\pyreadline\error.pyc imports=[] binaries=[] datas=[]>
fnmatch: None -> <Module fnmatch C:\Python26\lib\fnmatch.pyc imports=[('re', 0, 0, -1), ('os', 1, 0, -1), ('os', 1, 0, -1), ('posixpath', 1, 0, -1)] binaries=[] datas=[]>
pyreadline.console.glob: None -> None
pyreadline.console.sys: None -> None
pyreadline.console.ironpython_console: None -> <Module pyreadline.console.ironpython_console C:\Python26\lib\site-packages\pyreadline\console\ironpython_console.pyc imports=[('clr', 0, 0, -1), ('sys', 0, 0, -1), ('IronPythonConsole', 0, 0, -1), ('sys', 0, 0, -1), ('re', 0, 0, -1), ('os', 0, 0, -1), ('System', 0, 0, -1), ('event', 0, 0, -1), ('event.Event', 0, 0, -1), ('pyreadline.logger', 0, 0, -1), ('pyreadline.logger.log', 0, 0, -1), ('pyreadline.logger.log_sock', 0, 0, -1), ('pyreadline.keysyms', 0, 0, -1), ('pyreadline.keysyms.make_keysym', 0, 0, -1), ('pyreadline.keysyms.make_keyinfo', 0, 0, -1), ('pyreadline.keysyms.make_KeyPress', 0, 0, -1), ('pyreadline.keysyms.make_KeyPress_from_keydescr', 0, 0, -1), ('pyreadline.console.ansi', 0, 0, -1), ('pyreadline.console.ansi.AnsiState', 0, 0, -1), ('time', 0, 1, -1), ('sys', 0, 1, -1)] binaries=[] datas=[]>
pyreadline.console.console: None -> <Module pyreadline.console.console C:\Python26\lib\site-packages\pyreadline\console\console.pyc imports=[('sys', 0, 0, -1), ('traceback', 0, 0, -1), ('re', 0, 0, -1), ('pyreadline.logger', 0, 0, -1), ('pyreadline.logger.log', 0, 0, -1), ('pyreadline.logger.log_sock', 0, 0, -1), ('pyreadline.unicode_helper', 0, 0, -1), ('pyreadline.unicode_helper.ensure_unicode', 0, 0, -1), ('pyreadline.unicode_helper.ensure_str', 0, 0, -1), ('pyreadline.unicode_helper', 0, 0, -1), ('ctypes', 0, 0, -1), ('ctypes.*', 0, 0, -1), ('_ctypes', 0, 0, -1), ('_ctypes.call_function', 0, 0, -1), ('pyreadline.keysyms', 0, 0, -1), ('pyreadline.keysyms.make_KeyPress', 0, 0, -1), ('pyreadline.console.ansi', 0, 0, -1), ('pyreadline.console.ansi.AnsiState', 0, 0, -1), ('pyreadline.console.ansi.AnsiWriter', 0, 0, -1), ('event', 0, 0, -1), ('event.Event', 0, 0, -1), ('time', 0, 1, -1), ('sys', 0, 1, -1)] binaries=[] datas=[]>
pyreadline.console.clr: None -> None
clr: None -> None
  DEL clr
pyreadline.console.IronPythonConsole: None -> None
IronPythonConsole: None -> None
  DEL IronPythonConsole
pyreadline.console.re: None -> None
pyreadline.console.os: None -> None
pyreadline.console.System: None -> None
System: None -> None
  DEL System
pyreadline.console.pyreadline: None -> None
pyreadline.keysyms.make_keysym: None -> None
  DEL pyreadline.keysyms.make_keysym
pyreadline.keysyms.make_keyinfo: None -> None
  DEL pyreadline.keysyms.make_keyinfo
pyreadline.keysyms.make_KeyPress: None -> None
  DEL pyreadline.keysyms.make_KeyPress
pyreadline.keysyms.make_KeyPress_from_keydescr: None -> None
  DEL pyreadline.keysyms.make_KeyPress_from_keydescr
pyreadline.console.ansi: None -> <Module pyreadline.console.ansi C:\Python26\lib\site-packages\pyreadline\console\ansi.pyc imports=[('re', 0, 0, -1), ('sys', 0, 0, -1), ('os', 0, 0, -1), ('pprint', 0, 1, -1), ('console', 0, 1, -1)] binaries=[] datas=[]>
pyreadline.console.time: None -> None
pyreadline.console.pprint: None -> None
pyreadline.console.traceback: None -> None
pyreadline.console.ctypes: None -> None
pyreadline.console._ctypes: None -> None
pyreadline.keysyms.make_KeyPress: None -> None
  DEL pyreadline.keysyms.make_KeyPress
pyreadline.modes.tempfile: None -> None
fcntl: None -> None
  DEL fcntl
_random: None -> <Module _random None imports=[] binaries=[] datas=[]>
pyreadline.os: None -> None
pyreadline.re: None -> None
pyreadline.glob: None -> None
pyreadline.modes.editingmodes: None -> None
  DEL pyreadline.modes.editingmodes
pyreadline.System: None -> None
System: None -> None
  DEL System
pyreadline.pdb: None -> None
pyreadline.traceback: None -> None
org: None -> None
  DEL org
org: None -> None
  DEL org
